<?xml version="1.0" encoding="UTF-8"?>
<!-- Generated by org.testng.reporters.JUnitXMLReporter -->
<testsuite hostname="LAPTOP-MQGK020P" ignored="0" name="Test" tests="3" failures="0" timestamp="29 Dec 2016 15:08:20 GMT" time="45.494" errors="0">
  <testcase name="openWebSite" time="10.966" classname="com.visa.driver.Driver"/>
  <testcase name="searchHotelTC1" time="8.142" classname="com.visa.testcases.HomePageTCRun"/>
  <testcase name="searchHotelTC2" time="12.116" classname="com.visa.testcases.HomePageTCRun"/>
</testsuite> <!-- Test -->
